0 info it worked if it ends with ok
1 verbose cli [ '/usr/bin/node', '/usr/bin/npm', 'install', 'gulp-minify-css' ]
2 info using npm@1.4.9
3 info using node@v0.10.28
4 verbose node symlink /usr/bin/node
5 warn package.json @ No description
6 warn package.json @ No repository field.
7 warn package.json @ No README data
8 verbose readDependencies using package.json deps
9 verbose cache add [ 'gulp-minify-css', null ]
10 verbose cache add name=undefined spec="gulp-minify-css" args=["gulp-minify-css",null]
11 verbose parsed url { protocol: null,
11 verbose parsed url   slashes: null,
11 verbose parsed url   auth: null,
11 verbose parsed url   host: null,
11 verbose parsed url   port: null,
11 verbose parsed url   hostname: null,
11 verbose parsed url   hash: null,
11 verbose parsed url   search: null,
11 verbose parsed url   query: null,
11 verbose parsed url   pathname: 'gulp-minify-css',
11 verbose parsed url   path: 'gulp-minify-css',
11 verbose parsed url   href: 'gulp-minify-css' }
12 silly lockFile 6bf44555-gulp-minify-css gulp-minify-css
13 verbose lock gulp-minify-css /home/vagrant/.npm/6bf44555-gulp-minify-css.lock
14 silly lockFile 6bf44555-gulp-minify-css gulp-minify-css
15 silly lockFile 6bf44555-gulp-minify-css gulp-minify-css
16 verbose addNamed [ 'gulp-minify-css', '' ]
17 verbose addNamed [ null, '*' ]
18 silly lockFile 37de6304-gulp-minify-css gulp-minify-css@
19 verbose lock gulp-minify-css@ /home/vagrant/.npm/37de6304-gulp-minify-css.lock
20 silly addNameRange { name: 'gulp-minify-css', range: '*', hasData: false }
21 verbose url raw gulp-minify-css
22 verbose url resolving [ 'https://registry.npmjs.org/', './gulp-minify-css' ]
23 verbose url resolved https://registry.npmjs.org/gulp-minify-css
24 info trying registry request attempt 1 at 16:41:50
25 verbose etag "AC17082R2S9HMN6MOQUHEKSJU"
26 http GET https://registry.npmjs.org/gulp-minify-css
27 http 304 https://registry.npmjs.org/gulp-minify-css
28 silly registry.get cb [ 304,
28 silly registry.get   { date: 'Thu, 17 Jul 2014 21:41:50 GMT',
28 silly registry.get     server: 'Apache',
28 silly registry.get     via: '1.1 varnish',
28 silly registry.get     'last-modified': 'Thu, 17 Jul 2014 21:41:50 GMT',
28 silly registry.get     'cache-control': 'max-age=30',
28 silly registry.get     etag: '"AC17082R2S9HMN6MOQUHEKSJU"',
28 silly registry.get     'x-served-by': 'cache-dfw1829-DFW',
28 silly registry.get     'x-cache': 'MISS',
28 silly registry.get     'x-cache-hits': '0',
28 silly registry.get     'x-timer': 'S1405633310.342177,VS0,VE54',
28 silly registry.get     vary: 'Accept',
28 silly registry.get     'content-length': '0',
28 silly registry.get     'keep-alive': 'timeout=10, max=50',
28 silly registry.get     connection: 'Keep-Alive' } ]
29 verbose etag gulp-minify-css from cache
30 silly addNameRange number 2 { name: 'gulp-minify-css', range: '*', hasData: true }
31 silly addNameRange versions [ 'gulp-minify-css',
31 silly addNameRange   [ '0.0.1',
31 silly addNameRange     '0.1.0',
31 silly addNameRange     '0.2.0',
31 silly addNameRange     '0.3.0',
31 silly addNameRange     '0.3.1',
31 silly addNameRange     '0.3.2',
31 silly addNameRange     '0.3.3',
31 silly addNameRange     '0.3.4',
31 silly addNameRange     '0.3.5',
31 silly addNameRange     '0.3.6' ] ]
32 verbose addNamed [ 'gulp-minify-css', '0.3.6' ]
33 verbose addNamed [ '0.3.6', '0.3.6' ]
34 silly lockFile 572bc9be-gulp-minify-css-0-3-6 gulp-minify-css@0.3.6
35 verbose lock gulp-minify-css@0.3.6 /home/vagrant/.npm/572bc9be-gulp-minify-css-0-3-6.lock
36 silly lockFile 572bc9be-gulp-minify-css-0-3-6 gulp-minify-css@0.3.6
37 silly lockFile 572bc9be-gulp-minify-css-0-3-6 gulp-minify-css@0.3.6
38 silly lockFile 37de6304-gulp-minify-css gulp-minify-css@
39 silly lockFile 37de6304-gulp-minify-css gulp-minify-css@
40 silly resolved [ { name: 'gulp-minify-css',
40 silly resolved     description: 'Minify css with clean-css.',
40 silly resolved     version: '0.3.6',
40 silly resolved     repository:
40 silly resolved      { type: 'git',
40 silly resolved        url: 'https://github.com/jonathanepollack/gulp-minify-css.git' },
40 silly resolved     homepage: 'https://github.com/jonathanepollack/gulp-minify-css',
40 silly resolved     keywords: [ 'gulpplugin', 'minify', 'css' ],
40 silly resolved     main: './index.js',
40 silly resolved     dependencies:
40 silly resolved      { 'gulp-util': '~2.2.13',
40 silly resolved        'clean-css': '~2.2.4',
40 silly resolved        through2: '^0.5.1',
40 silly resolved        bufferstreams: '0.0.1',
40 silly resolved        'memory-cache': '0.0.5' },
40 silly resolved     engines: { node: '>= 0.10' },
40 silly resolved     scripts: { test: 'mocha' },
40 silly resolved     devDependencies:
40 silly resolved      { mocha: '~1.17.1',
40 silly resolved        chai: '~1.9.0',
40 silly resolved        gulp: '~3.5.0',
40 silly resolved        proxyquire: '^0.6.0',
40 silly resolved        'event-stream': '~3.1.0' },
40 silly resolved     licenses: [ [Object] ],
40 silly resolved     readme: '[![Build Status](https://travis-ci.org/jonathanepollack/gulp-minify-css.png?branch=master)](https://travis-ci.org/jonathanepollack/gulp-minify-css)\n## Information\n\n<table>\n<tr> \n<td>Package</td><td>gulp-minify-css</td>\n</tr>\n<tr>\n<td>Description</td>\n<td>Minify css with <a href="https://github.com/GoalSmashers/clean-css">clean-css</a>, including optional caching.</td>\n</tr>\n<tr>\n<td>Node Version</td>\n<td>>= 0.10</td>\n</tr>\n</table>\n\n## Installion\n\n```\nnpm install --save-dev gulp-minify-css\n```\n\n## Usage\n\n```js\nvar gulp = require(\'gulp\'),\n\t\tminifyCSS = require(\'gulp-minify-css\');\n\ngulp.task(\'minify-css\', function() {\n  gulp.src(\'./static/css/*.css\')\n    .pipe(minifyCSS({keepBreaks:true}))\n    .pipe(gulp.dest(\'./dist/\'))\n});\n```\n### Options\n* `cache` - check and return minified CSS from cache if it exists; minify and store in cache when it does not\n\nThis is a gulp-minify-css feature and not a [clean-css](https://github.com/GoalSmashers/clean-css/) feature.\n\n___\n\n* `keepSpecialComments` - `*` for keeping all (default), `1` for keeping first one only, `0` for removing all\n* `keepBreaks` - whether to keep line breaks (default is `false`)\n* `benchmark` - turns on benchmarking mode measuring time spent on cleaning up\n  (run `npm run bench` to see example)\n* `root` - path to resolve absolute `@import` rules and rebase relative URLs\n* `relativeTo` - path with which to resolve relative `@import` rules and URLs\n* `processImport` - whether to process `@import` rules\n* `noRebase` - whether to skip URLs rebasing\n* `noAdvanced` - set to true to disable advanced optimizations - selector & property merging, reduction, etc.\n* `compatibility` - Force compatibility mode to `ie7` or `ie8`. Defaults to not set.\n* `debug` - set to true to get minification statistics under `stats` property (see `test/custom-test.js` for examples)\n\nSource: [clean-css](https://github.com/GoalSmashers/clean-css/blob/80f2d2cdbbe061c49ed1bfd0653edcb50dbebf57/README.md)\n\n## LICENSE\n\n(MIT License)\n\nCopyright (c) 2013 Jonathan Pollack (<jonathanepollack@gmail.com>), Cloublabs Inc.\n\nPermission is hereby granted, free of charge, to any person obtaining\na copy of this software and associated documentation files (the\n"Software"), to deal in the Software without restriction, including\nwithout limitation the rights to use, copy, modify, merge, publish,\ndistribute, sublicense, and/or sell copies of the Software, and to\npermit persons to whom the Software is furnished to do so, subject to\nthe following conditions:\n\nThe above copyright notice and this permission notice shall be\nincluded in all copies or substantial portions of the Software.\n\nTHE SOFTWARE IS PROVIDED "AS IS", WITHOUT WARRANTY OF ANY KIND,\nEXPRESS OR IMPLIED, INCLUDING BUT NOT LIMITED TO THE WARRANTIES OF\nMERCHANTABILITY, FITNESS FOR A PARTICULAR PURPOSE AND\nNONINFRINGEMENT. IN NO EVENT SHALL THE AUTHORS OR COPYRIGHT HOLDERS BE\nLIABLE FOR ANY CLAIM, DAMAGES OR OTHER LIABILITY, WHETHER IN AN ACTION\nOF CONTRACT, TORT OR OTHERWISE, ARISING FROM, OUT OF OR IN CONNECTION\nWITH THE SOFTWARE OR THE USE OR OTHER DEALINGS IN THE SOFTWARE.\n',
40 silly resolved     readmeFilename: 'README.md',
40 silly resolved     bugs: { url: 'https://github.com/jonathanepollack/gulp-minify-css/issues' },
40 silly resolved     _id: 'gulp-minify-css@0.3.6',
40 silly resolved     _shasum: '633da897004c3533ae2335502627330724e39b93',
40 silly resolved     _from: 'gulp-minify-css@',
40 silly resolved     _resolved: 'https://registry.npmjs.org/gulp-minify-css/-/gulp-minify-css-0.3.6.tgz' } ]
41 info install gulp-minify-css@0.3.6 into /home/vagrant/Sites/kickapoo
42 info installOne gulp-minify-css@0.3.6
43 info /home/vagrant/Sites/kickapoo/node_modules/gulp-minify-css unbuild
44 info /home/vagrant/Sites/kickapoo/node_modules/gulp-minify-css unbuild
45 error error rolling back Error: EPERM, unlink '/home/vagrant/Sites/kickapoo/node_modules/gulp-minify-css/node_modules/.bin/cleancss'
45 error error rolling back  gulp-minify-css@0.3.6 { [Error: EPERM, unlink '/home/vagrant/Sites/kickapoo/node_modules/gulp-minify-css/node_modules/.bin/cleancss']
45 error error rolling back   errno: 50,
45 error error rolling back   code: 'EPERM',
45 error error rolling back   path: '/home/vagrant/Sites/kickapoo/node_modules/gulp-minify-css/node_modules/.bin/cleancss' }
46 error Error: EPERM, unlink '/home/vagrant/Sites/kickapoo/node_modules/gulp-minify-css/node_modules/.bin/cleancss'
46 error  { [Error: EPERM, unlink '/home/vagrant/Sites/kickapoo/node_modules/gulp-minify-css/node_modules/.bin/cleancss']
46 error   errno: 50,
46 error   code: 'EPERM',
46 error   path: '/home/vagrant/Sites/kickapoo/node_modules/gulp-minify-css/node_modules/.bin/cleancss' }
47 error Please try running this command again as root/Administrator.
48 error System Linux 3.13.0-11-generic
49 error command "/usr/bin/node" "/usr/bin/npm" "install" "gulp-minify-css"
50 error cwd /home/vagrant/Sites/kickapoo
51 error node -v v0.10.28
52 error npm -v 1.4.9
53 error path /home/vagrant/Sites/kickapoo/node_modules/gulp-minify-css/node_modules/.bin/cleancss
54 error code EPERM
55 error errno 50
56 error stack Error: EPERM, unlink '/home/vagrant/Sites/kickapoo/node_modules/gulp-minify-css/node_modules/.bin/cleancss'
57 verbose exit [ 50, true ]
